# JRE version: OpenJDK Runtime Environment (8.0_152-b02) (build 1.8.0_152-release-1024-b02)
# Java VM: OpenJDK 64-Bit Server VM (25.152-b02 mixed mode windows-amd64 compressed oops)
Heap:
 PSYoungGen      total 259072K, used 259067K [0x00000000e0000000, 0x00000000f3c80000, 0x0000000100000000)
  eden space 231936K, 100% used [0x00000000e0000000,0x00000000ee280000,0x00000000ee280000)
  from space 27136K, 99% used [0x00000000f0380000,0x00000000f1dfed58,0x00000000f1e00000)
  to   space 33792K, 99% used [0x00000000ee280000,0x00000000f037c2e8,0x00000000f0380000)
 ParOldGen       total 108032K, used 58371K [0x00000000a0000000, 0x00000000a6980000, 0x00000000e0000000)
  object space 108032K, 54% used [0x00000000a0000000,0x00000000a3900fe0,0x00000000a6980000)
 Metaspace       used 73817K, capacity 76826K, committed 77184K, reserved 1116160K
  class space    used 9562K, capacity 10258K, committed 10368K, reserved 1048576K
GC Heap History (10 events):
Event: 16.411 GC heap after
Heap after GC invocations=13 (full 2):
 PSYoungGen      total 196608K, used 11316K [0x00000000e0000000, 0x00000000f0380000, 0x0000000100000000)
  eden space 168960K, 0% used [0x00000000e0000000,0x00000000e0000000,0x00000000ea500000)
  from space 27648K, 40% used [0x00000000ea500000,0x00000000eb00d230,0x00000000ec000000)
  to   space 26112K, 0% used [0x00000000eea00000,0x00000000eea00000,0x00000000f0380000)
 ParOldGen       total 66048K, used 45102K [0x00000000a0000000, 0x00000000a4080000, 0x00000000e0000000)
  object space 66048K, 68% used [0x00000000a0000000,0x00000000a2c0b850,0x00000000a4080000)
 Metaspace       used 56868K, capacity 58920K, committed 59028K, reserved 1099776K
  class space    used 7810K, capacity 8363K, committed 8448K, reserved 1048576K
}
Event: 16.411 GC heap before
{Heap before GC invocations=14 (full 3):
 PSYoungGen      total 196608K, used 11316K [0x00000000e0000000, 0x00000000f0380000, 0x0000000100000000)
  eden space 168960K, 0% used [0x00000000e0000000,0x00000000e0000000,0x00000000ea500000)
  from space 27648K, 40% used [0x00000000ea500000,0x00000000eb00d230,0x00000000ec000000)
  to   space 26112K, 0% used [0x00000000eea00000,0x00000000eea00000,0x00000000f0380000)
 ParOldGen       total 66048K, used 45102K [0x00000000a0000000, 0x00000000a4080000, 0x00000000e0000000)
  object space 66048K, 68% used [0x00000000a0000000,0x00000000a2c0b850,0x00000000a4080000)
 Metaspace       used 56868K, capacity 58920K, committed 59028K, reserved 1099776K
  class space    used 7810K, capacity 8363K, committed 8448K, reserved 1048576K
Event: 16.674 GC heap after
Heap after GC invocations=14 (full 3):
 PSYoungGen      total 196608K, used 0K [0x00000000e0000000, 0x00000000f0380000, 0x0000000100000000)
  eden space 168960K, 0% used [0x00000000e0000000,0x00000000e0000000,0x00000000ea500000)
  from space 27648K, 0% used [0x00000000ea500000,0x00000000ea500000,0x00000000ec000000)
  to   space 26112K, 0% used [0x00000000eea00000,0x00000000eea00000,0x00000000f0380000)
 ParOldGen       total 108032K, used 44360K [0x00000000a0000000, 0x00000000a6980000, 0x00000000e0000000)
  object space 108032K, 41% used [0x00000000a0000000,0x00000000a2b52030,0x00000000a6980000)
 Metaspace       used 56868K, capacity 58920K, committed 59028K, reserved 1099776K
  class space    used 7810K, capacity 8363K, committed 8448K, reserved 1048576K
}
Event: 200.152 GC heap before
{Heap before GC invocations=15 (full 3):
 PSYoungGen      total 196608K, used 168960K [0x00000000e0000000, 0x00000000f0380000, 0x0000000100000000)
  eden space 168960K, 100% used [0x00000000e0000000,0x00000000ea500000,0x00000000ea500000)
  from space 27648K, 0% used [0x00000000ea500000,0x00000000ea500000,0x00000000ec000000)
  to   space 26112K, 0% used [0x00000000eea00000,0x00000000eea00000,0x00000000f0380000)
 ParOldGen       total 108032K, used 44360K [0x00000000a0000000, 0x00000000a6980000, 0x00000000e0000000)
  object space 108032K, 41% used [0x00000000a0000000,0x00000000a2b52030,0x00000000a6980000)
 Metaspace       used 64242K, capacity 66612K, committed 66816K, reserved 1107968K
  class space    used 8571K, capacity 9191K, committed 9216K, reserved 1048576K
Event: 200.172 GC heap after
Heap after GC invocations=15 (full 3):
 PSYoungGen      total 216064K, used 10288K [0x00000000e0000000, 0x00000000ef680000, 0x0000000100000000)
  eden space 203264K, 0% used [0x00000000e0000000,0x00000000e0000000,0x00000000ec680000)
  from space 12800K, 80% used [0x00000000eea00000,0x00000000ef40c2e0,0x00000000ef680000)
  to   space 24576K, 0% used [0x00000000ec680000,0x00000000ec680000,0x00000000ede80000)
 ParOldGen       total 108032K, used 44368K [0x00000000a0000000, 0x00000000a6980000, 0x00000000e0000000)
  object space 108032K, 41% used [0x00000000a0000000,0x00000000a2b54030,0x00000000a6980000)
 Metaspace       used 64242K, capacity 66612K, committed 66816K, reserved 1107968K
  class space    used 8571K, capacity 9191K, committed 9216K, reserved 1048576K
}
Event: 216.697 GC heap before
{Heap before GC invocations=16 (full 3):
 PSYoungGen      total 216064K, used 213552K [0x00000000e0000000, 0x00000000ef680000, 0x0000000100000000)
  eden space 203264K, 100% used [0x00000000e0000000,0x00000000ec680000,0x00000000ec680000)
  from space 12800K, 80% used [0x00000000eea00000,0x00000000ef40c2e0,0x00000000ef680000)
  to   space 24576K, 0% used [0x00000000ec680000,0x00000000ec680000,0x00000000ede80000)
 ParOldGen       total 108032K, used 44368K [0x00000000a0000000, 0x00000000a6980000, 0x00000000e0000000)
  object space 108032K, 41% used [0x00000000a0000000,0x00000000a2b54030,0x00000000a6980000)
 Metaspace       used 70060K, capacity 72770K, committed 72960K, reserved 1112064K
  class space    used 9199K, capacity 9872K, committed 9984K, reserved 1048576K
Event: 216.726 GC heap after
Heap after GC invocations=16 (full 3):
 PSYoungGen      total 227840K, used 21426K [0x00000000e0000000, 0x00000000f1e00000, 0x0000000100000000)
  eden space 203264K, 0% used [0x00000000e0000000,0x00000000e0000000,0x00000000ec680000)
  from space 24576K, 87% used [0x00000000ec680000,0x00000000edb6cac8,0x00000000ede80000)
  to   space 27136K, 0% used [0x00000000f0380000,0x00000000f0380000,0x00000000f1e00000)
 ParOldGen       total 108032K, used 44376K [0x00000000a0000000, 0x00000000a6980000, 0x00000000e0000000)
  object space 108032K, 41% used [0x00000000a0000000,0x00000000a2b56030,0x00000000a6980000)
 Metaspace       used 70060K, capacity 72770K, committed 72960K, reserved 1112064K
  class space    used 9199K, capacity 9872K, committed 9984K, reserved 1048576K
}
Event: 218.140 GC heap before
{Heap before GC invocations=17 (full 3):
 PSYoungGen      total 227840K, used 224690K [0x00000000e0000000, 0x00000000f1e00000, 0x0000000100000000)
  eden space 203264K, 100% used [0x00000000e0000000,0x00000000ec680000,0x00000000ec680000)
  from space 24576K, 87% used [0x00000000ec680000,0x00000000edb6cac8,0x00000000ede80000)
  to   space 27136K, 0% used [0x00000000f0380000,0x00000000f0380000,0x00000000f1e00000)
 ParOldGen       total 108032K, used 44376K [0x00000000a0000000, 0x00000000a6980000, 0x00000000e0000000)
  object space 108032K, 41% used [0x00000000a0000000,0x00000000a2b56030,0x00000000a6980000)
 Metaspace       used 72610K, capacity 75314K, committed 75648K, reserved 1114112K
  class space    used 9440K, capacity 10084K, committed 10112K, reserved 1048576K
Event: 218.200 GC heap after
Heap after GC invocations=17 (full 3):
 PSYoungGen      total 259072K, used 27131K [0x00000000e0000000, 0x00000000f3c80000, 0x0000000100000000)
  eden space 231936K, 0% used [0x00000000e0000000,0x00000000e0000000,0x00000000ee280000)
  from space 27136K, 99% used [0x00000000f0380000,0x00000000f1dfed58,0x00000000f1e00000)
  to   space 33792K, 0% used [0x00000000ee280000,0x00000000ee280000,0x00000000f0380000)
 ParOldGen       total 108032K, used 50951K [0x00000000a0000000, 0x00000000a6980000, 0x00000000e0000000)
  object space 108032K, 47% used [0x00000000a0000000,0x00000000a31c1fc0,0x00000000a6980000)
 Metaspace       used 72610K, capacity 75314K, committed 75648K, reserved 1114112K
  class space    used 9440K, capacity 10084K, committed 10112K, reserved 1048576K
}
Event: 294.673 GC heap before
{Heap before GC invocations=18 (full 3):
 PSYoungGen      total 259072K, used 259067K [0x00000000e0000000, 0x00000000f3c80000, 0x0000000100000000)
  eden space 231936K, 100% used [0x00000000e0000000,0x00000000ee280000,0x00000000ee280000)
  from space 27136K, 99% used [0x00000000f0380000,0x00000000f1dfed58,0x00000000f1e00000)
  to   space 33792K, 0% used [0x00000000ee280000,0x00000000ee280000,0x00000000f0380000)
 ParOldGen       total 108032K, used 50951K [0x00000000a0000000, 0x00000000a6980000, 0x00000000e0000000)
  object space 108032K, 47% used [0x00000000a0000000,0x00000000a31c1fc0,0x00000000a6980000)
 Metaspace       used 73817K, capacity 76826K, committed 77184K, reserved 1116160K
  class space    used 9562K, capacity 10258K, committed 10368K, reserved 1048576K

