# JRE version: OpenJDK Runtime Environment (8.0_152-b02) (build 1.8.0_152-release-1024-b02)
# Java VM: OpenJDK 64-Bit Server VM (25.152-b02 mixed mode windows-amd64 compressed oops)
Heap:
 PSYoungGen      total 243712K, used 177725K [0x00000000e0000000, 0x00000000f4080000, 0x0000000100000000)
  eden space 220160K, 70% used [0x00000000e0000000,0x00000000e9690b90,0x00000000ed700000)
  from space 23552K, 99% used [0x00000000ed700000,0x00000000eedfec20,0x00000000eee00000)
  to   space 29696K, 0% used [0x00000000f2380000,0x00000000f2380000,0x00000000f4080000)
 ParOldGen       total 115200K, used 67584K [0x00000000a0000000, 0x00000000a7080000, 0x00000000e0000000)
  object space 115200K, 58% used [0x00000000a0000000,0x00000000a4200138,0x00000000a7080000)
 Metaspace       used 79404K, capacity 82640K, committed 83032K, reserved 1122304K
  class space    used 10150K, capacity 10787K, committed 10880K, reserved 1048576K
GC Heap History (10 events):
Event: 247.544 GC heap before
{Heap before GC invocations=35 (full 4):
 PSYoungGen      total 166912K, used 144850K [0x00000000e0000000, 0x00000000ebd00000, 0x0000000100000000)
  eden space 140800K, 99% used [0x00000000e0000000,0x00000000e88a1880,0x00000000e8980000)
  from space 26112K, 18% used [0x00000000ea280000,0x00000000ea753208,0x00000000ebc00000)
  to   space 25600K, 0% used [0x00000000e8980000,0x00000000e8980000,0x00000000ea280000)
 ParOldGen       total 115200K, used 60022K [0x00000000a0000000, 0x00000000a7080000, 0x00000000e0000000)
  object space 115200K, 52% used [0x00000000a0000000,0x00000000a3a9d9d0,0x00000000a7080000)
 Metaspace       used 77529K, capacity 80628K, committed 81368K, reserved 1120256K
  class space    used 10023K, capacity 10627K, committed 10752K, reserved 1048576K
Event: 247.548 GC heap after
Heap after GC invocations=35 (full 4):
 PSYoungGen      total 166400K, used 96K [0x00000000e0000000, 0x00000000ee200000, 0x0000000100000000)
  eden space 140800K, 0% used [0x00000000e0000000,0x00000000e0000000,0x00000000e8980000)
  from space 25600K, 0% used [0x00000000e8980000,0x00000000e8998000,0x00000000ea280000)
  to   space 25600K, 0% used [0x00000000ec900000,0x00000000ec900000,0x00000000ee200000)
 ParOldGen       total 115200K, used 62255K [0x00000000a0000000, 0x00000000a7080000, 0x00000000e0000000)
  object space 115200K, 54% used [0x00000000a0000000,0x00000000a3ccbd88,0x00000000a7080000)
 Metaspace       used 77529K, capacity 80628K, committed 81368K, reserved 1120256K
  class space    used 10023K, capacity 10627K, committed 10752K, reserved 1048576K
}
Event: 247.571 GC heap before
{Heap before GC invocations=36 (full 4):
 PSYoungGen      total 166400K, used 140742K [0x00000000e0000000, 0x00000000ee200000, 0x0000000100000000)
  eden space 140800K, 99% used [0x00000000e0000000,0x00000000e8959b40,0x00000000e8980000)
  from space 25600K, 0% used [0x00000000e8980000,0x00000000e8998000,0x00000000ea280000)
  to   space 25600K, 0% used [0x00000000ec900000,0x00000000ec900000,0x00000000ee200000)
 ParOldGen       total 115200K, used 62255K [0x00000000a0000000, 0x00000000a7080000, 0x00000000e0000000)
  object space 115200K, 54% used [0x00000000a0000000,0x00000000a3ccbd88,0x00000000a7080000)
 Metaspace       used 77532K, capacity 80628K, committed 81368K, reserved 1120256K
  class space    used 10023K, capacity 10627K, committed 10752K, reserved 1048576K
Event: 247.574 GC heap after
Heap after GC invocations=36 (full 4):
 PSYoungGen      total 205824K, used 128K [0x00000000e0000000, 0x00000000ee280000, 0x0000000100000000)
  eden space 180224K, 0% used [0x00000000e0000000,0x00000000e0000000,0x00000000eb000000)
  from space 25600K, 0% used [0x00000000ec900000,0x00000000ec920000,0x00000000ee200000)
  to   space 25600K, 0% used [0x00000000eb000000,0x00000000eb000000,0x00000000ec900000)
 ParOldGen       total 115200K, used 62295K [0x00000000a0000000, 0x00000000a7080000, 0x00000000e0000000)
  object space 115200K, 54% used [0x00000000a0000000,0x00000000a3cd5d88,0x00000000a7080000)
 Metaspace       used 77532K, capacity 80628K, committed 81368K, reserved 1120256K
  class space    used 10023K, capacity 10627K, committed 10752K, reserved 1048576K
}
Event: 266.617 GC heap before
{Heap before GC invocations=37 (full 4):
 PSYoungGen      total 205824K, used 180352K [0x00000000e0000000, 0x00000000ee280000, 0x0000000100000000)
  eden space 180224K, 100% used [0x00000000e0000000,0x00000000eb000000,0x00000000eb000000)
  from space 25600K, 0% used [0x00000000ec900000,0x00000000ec920000,0x00000000ee200000)
  to   space 25600K, 0% used [0x00000000eb000000,0x00000000eb000000,0x00000000ec900000)
 ParOldGen       total 115200K, used 62295K [0x00000000a0000000, 0x00000000a7080000, 0x00000000e0000000)
  object space 115200K, 54% used [0x00000000a0000000,0x00000000a3cd5d88,0x00000000a7080000)
 Metaspace       used 77607K, capacity 80680K, committed 81496K, reserved 1120256K
  class space    used 10032K, capacity 10661K, committed 10880K, reserved 1048576K
Event: 266.627 GC heap after
Heap after GC invocations=37 (full 4):
 PSYoungGen      total 205824K, used 364K [0x00000000e0000000, 0x00000000f0900000, 0x0000000100000000)
  eden space 180224K, 0% used [0x00000000e0000000,0x00000000e0000000,0x00000000eb000000)
  from space 25600K, 1% used [0x00000000eb000000,0x00000000eb05b2e0,0x00000000ec900000)
  to   space 25088K, 0% used [0x00000000ef080000,0x00000000ef080000,0x00000000f0900000)
 ParOldGen       total 115200K, used 62311K [0x00000000a0000000, 0x00000000a7080000, 0x00000000e0000000)
  object space 115200K, 54% used [0x00000000a0000000,0x00000000a3cd9d88,0x00000000a7080000)
 Metaspace       used 77607K, capacity 80680K, committed 81496K, reserved 1120256K
  class space    used 10032K, capacity 10661K, committed 10880K, reserved 1048576K
}
Event: 270.829 GC heap before
{Heap before GC invocations=38 (full 4):
 PSYoungGen      total 205824K, used 180588K [0x00000000e0000000, 0x00000000f0900000, 0x0000000100000000)
  eden space 180224K, 100% used [0x00000000e0000000,0x00000000eb000000,0x00000000eb000000)
  from space 25600K, 1% used [0x00000000eb000000,0x00000000eb05b2e0,0x00000000ec900000)
  to   space 25088K, 0% used [0x00000000ef080000,0x00000000ef080000,0x00000000f0900000)
 ParOldGen       total 115200K, used 62311K [0x00000000a0000000, 0x00000000a7080000, 0x00000000e0000000)
  object space 115200K, 54% used [0x00000000a0000000,0x00000000a3cd9d88,0x00000000a7080000)
 Metaspace       used 78999K, capacity 82196K, committed 82520K, reserved 1120256K
  class space    used 10139K, capacity 10783K, committed 10880K, reserved 1048576K
Event: 270.840 GC heap after
Heap after GC invocations=38 (full 4):
 PSYoungGen      total 241152K, used 5586K [0x00000000e0000000, 0x00000000f0500000, 0x0000000100000000)
  eden space 220160K, 0% used [0x00000000e0000000,0x00000000e0000000,0x00000000ed700000)
  from space 20992K, 26% used [0x00000000ef080000,0x00000000ef5f4940,0x00000000f0500000)
  to   space 23552K, 0% used [0x00000000ed700000,0x00000000ed700000,0x00000000eee00000)
 ParOldGen       total 115200K, used 62595K [0x00000000a0000000, 0x00000000a7080000, 0x00000000e0000000)
  object space 115200K, 54% used [0x00000000a0000000,0x00000000a3d20f48,0x00000000a7080000)
 Metaspace       used 78999K, capacity 82196K, committed 82520K, reserved 1120256K
  class space    used 10139K, capacity 10783K, committed 10880K, reserved 1048576K
}
Event: 272.768 GC heap before
{Heap before GC invocations=39 (full 4):
 PSYoungGen      total 241152K, used 225746K [0x00000000e0000000, 0x00000000f0500000, 0x0000000100000000)
  eden space 220160K, 100% used [0x00000000e0000000,0x00000000ed700000,0x00000000ed700000)
  from space 20992K, 26% used [0x00000000ef080000,0x00000000ef5f4940,0x00000000f0500000)
  to   space 23552K, 0% used [0x00000000ed700000,0x00000000ed700000,0x00000000eee00000)
 ParOldGen       total 115200K, used 62595K [0x00000000a0000000, 0x00000000a7080000, 0x00000000e0000000)
  object space 115200K, 54% used [0x00000000a0000000,0x00000000a3d20f48,0x00000000a7080000)
 Metaspace       used 79341K, capacity 82560K, committed 82776K, reserved 1122304K
  class space    used 10149K, capacity 10785K, committed 10880K, reserved 1048576K
Event: 272.812 GC heap after
Heap after GC invocations=39 (full 4):
 PSYoungGen      total 243712K, used 23547K [0x00000000e0000000, 0x00000000f4080000, 0x0000000100000000)
  eden space 220160K, 0% used [0x00000000e0000000,0x00000000e0000000,0x00000000ed700000)
  from space 23552K, 99% used [0x00000000ed700000,0x00000000eedfec20,0x00000000eee00000)
  to   space 29696K, 0% used [0x00000000f2380000,0x00000000f2380000,0x00000000f4080000)
 ParOldGen       total 115200K, used 67584K [0x00000000a0000000, 0x00000000a7080000, 0x00000000e0000000)
  object space 115200K, 58% used [0x00000000a0000000,0x00000000a4200138,0x00000000a7080000)
 Metaspace       used 79341K, capacity 82560K, committed 82776K, reserved 1122304K
  class space    used 10149K, capacity 10785K, committed 10880K, reserved 1048576K
}

